\BOOKMARK [0][-]{chapter.1}{\376\377\000\332\000v\000o\000d}{}% 1
\BOOKMARK [0][-]{chapter.2}{\376\377\000E\000m\000b\000e\000d\000d\000e\000d\000\040\000a\000n\000a\000l\000y\000t\000i\000c\000s\000\040\000a\000\040\000z\000a\000b\000e\000z\000p\000e\001\015\000e\000n\000\355}{}% 2
\BOOKMARK [1][-]{section.2.1}{\376\377\000P\000r\000i\000n\000c\000i\000p}{chapter.2}% 3
\BOOKMARK [1][-]{section.2.2}{\376\377\000Z\000a\000b\000e\000z\000p\000e\001\015\000e\000n\000\355}{chapter.2}% 4
\BOOKMARK [1][-]{section.2.3}{\376\377\000E\000x\000i\000s\000t\000u\000j\000\355\000c\000\355\000\040\001\131\000e\001\141\000e\000n\000\355}{chapter.2}% 5
\BOOKMARK [0][-]{chapter.3}{\376\377\000N\000\341\000v\000r\000h\000\040\000k\000n\000i\000h\000o\000v\000n\000y\000\040\000a\000\040\000u\001\176\000i\000v\000a\000t\000e\000l\000s\000k\000\351\000h\000o\000\040\000r\000o\000z\000h\000r\000a\000n\000\355}{}% 6
\BOOKMARK [1][-]{section.3.1}{\376\377\000T\000e\000c\000h\000n\000o\000l\000o\000g\000i\000e}{chapter.3}% 7
\BOOKMARK [2][-]{subsection.3.1.1}{\376\377\000J\000a\000v\000a\000S\000c\000r\000i\000p\000t\000\040\000a\000\040\000R\000e\000a\000c\000t}{section.3.1}% 8
\BOOKMARK [2][-]{subsection.3.1.2}{\376\377\000A\000P\000I}{section.3.1}% 9
\BOOKMARK [2][-]{subsection.3.1.3}{\376\377\000O\000A\000u\000t\000h\000\040\0002\000.\0000}{section.3.1}% 10
\BOOKMARK [1][-]{section.3.2}{\376\377\000F\000u\000n\000k\000c\000i\000o\000n\000a\000l\000i\000t\000y}{chapter.3}% 11
\BOOKMARK [2][-]{subsection.3.2.1}{\376\377\000K\000o\000m\000u\000n\000i\000k\000a\000c\000e\000\040\000s\000\040\000A\000P\000I}{section.3.2}% 12
\BOOKMARK [2][-]{subsection.3.2.2}{\376\377\000P\000l\000a\000y\000g\000r\000o\000u\000n\000d}{section.3.2}% 13
\BOOKMARK [2][-]{subsection.3.2.3}{\376\377\000O\000b\000n\000o\000v\000a\000\040\000O\000A\000u\000t\000h\000\040\0002\000.\0000\000\040\000t\000o\000k\000e\000n\001\157}{section.3.2}% 14
\BOOKMARK [2][-]{subsection.3.2.4}{\376\377\000P\000r\000e\000J\000S\000O\000N}{section.3.2}% 15
\BOOKMARK [0][-]{chapter.4}{\376\377\000Z\000\341\000v\001\033\000r}{}% 16
\BOOKMARK [0][-]{section*.3}{\376\377\000B\000i\000b\000l\000i\000o\000g\000r\000a\000f\000i\000e}{}% 17
\BOOKMARK [0][-]{appendix*.4}{\376\377\000S\000e\000z\000n\000a\000m\000\040\000o\000b\000r\000\341\000z\000k\001\157}{}% 18
\BOOKMARK [0][-]{appendix*.5}{\376\377\000S\000e\000z\000n\000a\000m\000\040\000t\000a\000b\000u\000l\000e\000k}{}% 19
\BOOKMARK [0][-]{appendix*.6}{\376\377\000S\000e\000z\000n\000a\000m\000\040\000v\000\375\000p\000i\000s\001\157}{}% 20
